<?xml version="1.0" encoding="UTF-8"?>
<testsuite xmlns:xsi="http://www.w3.org/2001/XMLSchema-instance" xsi:noNamespaceSchemaLocation="https://maven.apache.org/surefire/maven-surefire-plugin/xsd/surefire-test-report.xsd" name="MainTest" time="0.028" tests="1" errors="0" skipped="0" failures="1">
  <properties>
[...]
</properties>
  <testcase name="testName" classname="MainTest" time="0.025">
    <failure message="expected: &lt;naser000000&gt; but was: &lt;alscmlkaser000000&gt;" type="org.opentest4j.AssertionFailedError"><![CDATA[org.opentest4j.AssertionFailedError: expected: <naser000000> but was: <alscmlkaser000000>
	at MainTest.testName(MainTest.java:12)
]]></failure>
  </testcase>
</testsuite>